2021-11-15 14:07:10 ERROR Application run failed
java.lang.IllegalStateException: java.lang.IllegalStateException: Logback configuration error detected: 
ERROR in ch.qos.logback.core.joran.spi.Interpreter@13:83 - no applicable action for [rollingPolicy], current ElementPath  is [[configuration][appender][rollingPolicy]]
ERROR in ch.qos.logback.core.joran.spi.Interpreter@14:30 - no applicable action for [fileNamePattern], current ElementPath  is [[configuration][appender][rollingPolicy][fileNamePattern]]
ERROR in ch.qos.logback.core.joran.spi.Interpreter@15:25 - no applicable action for [maxHistory], current ElementPath  is [[configuration][appender][rollingPolicy][maxHistory]]
	at org.springframework.boot.context.logging.LoggingApplicationListener.initializeSystem(LoggingApplicationListener.java:328)
	at org.springframework.boot.context.logging.LoggingApplicationListener.initialize(LoggingApplicationListener.java:282)
	at org.springframework.boot.context.logging.LoggingApplicationListener.onApplicationEnvironmentPreparedEvent(LoggingApplicationListener.java:240)
	at org.springframework.boot.context.logging.LoggingApplicationListener.onApplicationEvent(LoggingApplicationListener.java:216)
	at org.springframework.context.event.SimpleApplicationEventMulticaster.doInvokeListener(SimpleApplicationEventMulticaster.java:176)
	at org.springframework.context.event.SimpleApplicationEventMulticaster.invokeListener(SimpleApplicationEventMulticaster.java:169)
	at org.springframework.context.event.SimpleApplicationEventMulticaster.multicastEvent(SimpleApplicationEventMulticaster.java:143)
	at org.springframework.context.event.SimpleApplicationEventMulticaster.multicastEvent(SimpleApplicationEventMulticaster.java:131)
	at org.springframework.boot.context.event.EventPublishingRunListener.environmentPrepared(EventPublishingRunListener.java:82)
	at org.springframework.boot.SpringApplicationRunListeners.lambda$environmentPrepared$2(SpringApplicationRunListeners.java:63)
	at java.util.ArrayList.forEach(ArrayList.java:1259)
	at org.springframework.boot.SpringApplicationRunListeners.doWithListeners(SpringApplicationRunListeners.java:117)
	at org.springframework.boot.SpringApplicationRunListeners.doWithListeners(SpringApplicationRunListeners.java:111)
	at org.springframework.boot.SpringApplicationRunListeners.environmentPrepared(SpringApplicationRunListeners.java:62)
	at org.springframework.boot.SpringApplication.prepareEnvironment(SpringApplication.java:374)
	at org.springframework.boot.SpringApplication.run(SpringApplication.java:332)
	at org.springframework.boot.SpringApplication.run(SpringApplication.java:1343)
	at org.springframework.boot.SpringApplication.run(SpringApplication.java:1332)
	at work.szczepanskimichal.project13snippetapp.WebAppConfig.main(WebAppConfig.java:21)
Caused by: java.lang.IllegalStateException: Logback configuration error detected: 
ERROR in ch.qos.logback.core.joran.spi.Interpreter@13:83 - no applicable action for [rollingPolicy], current ElementPath  is [[configuration][appender][rollingPolicy]]
ERROR in ch.qos.logback.core.joran.spi.Interpreter@14:30 - no applicable action for [fileNamePattern], current ElementPath  is [[configuration][appender][rollingPolicy][fileNamePattern]]
ERROR in ch.qos.logback.core.joran.spi.Interpreter@15:25 - no applicable action for [maxHistory], current ElementPath  is [[configuration][appender][rollingPolicy][maxHistory]]
	at org.springframework.boot.logging.logback.LogbackLoggingSystem.loadConfiguration(LogbackLoggingSystem.java:179)
	at org.springframework.boot.logging.logback.LogbackLoggingSystem.reinitialize(LogbackLoggingSystem.java:232)
	at org.springframework.boot.logging.AbstractLoggingSystem.initializeWithConventions(AbstractLoggingSystem.java:73)
	at org.springframework.boot.logging.AbstractLoggingSystem.initialize(AbstractLoggingSystem.java:60)
	at org.springframework.boot.logging.logback.LogbackLoggingSystem.initialize(LogbackLoggingSystem.java:132)
	at org.springframework.boot.context.logging.LoggingApplicationListener.initializeSystem(LoggingApplicationListener.java:313)
	... 18 common frames omitted
2021-11-15 14:07:54 INFO  HV000001: Hibernate Validator 6.0.17.Final
2021-11-15 14:07:54 INFO  Starting WebAppConfig using Java 1.8.0_292 on michal-dell with PID 3711354 (/home/michal/Dropbox/projects (programing)/project13V2-snippetApp/target/classes started by michal in /home/michal/Dropbox/projects (programing)/project13V2-snippetApp)
2021-11-15 14:07:54 INFO  No active profile set, falling back to default profiles: default
2021-11-15 14:07:55 INFO  Bootstrapping Spring Data JPA repositories in DEFAULT mode.
2021-11-15 14:07:55 INFO  Finished Spring Data repository scanning in 45 ms. Found 4 JPA repository interfaces.
2021-11-15 14:07:55 INFO  Tomcat initialized with port(s): 8080 (http)
2021-11-15 14:07:55 INFO  Initializing ProtocolHandler ["http-nio-8080"]
2021-11-15 14:07:55 INFO  Starting service [Tomcat]
2021-11-15 14:07:55 INFO  Starting Servlet engine: [Apache Tomcat/9.0.48]
2021-11-15 14:07:56 INFO  At least one JAR was scanned for TLDs yet contained no TLDs. Enable debug logging for this logger for a complete list of JARs that were scanned but no TLDs were found in them. Skipping unneeded JARs during scanning can improve startup time and JSP compilation time.
2021-11-15 14:07:56 INFO  Initializing Spring embedded WebApplicationContext
2021-11-15 14:07:56 INFO  Root WebApplicationContext: initialization completed in 1263 ms
2021-11-15 14:07:56 INFO  HHH000204: Processing PersistenceUnitInfo [name: default]
2021-11-15 14:07:56 INFO  HHH000412: Hibernate ORM core version 5.4.32.Final
2021-11-15 14:07:56 INFO  HCANN000001: Hibernate Commons Annotations {5.1.2.Final}
2021-11-15 14:07:56 INFO  HikariPool-1 - Starting...
2021-11-15 14:07:56 INFO  HikariPool-1 - Start completed.
2021-11-15 14:07:56 INFO  HHH000400: Using dialect: org.hibernate.dialect.MySQL8Dialect
2021-11-15 14:07:57 INFO  HHH000490: Using JtaPlatform implementation: [org.hibernate.engine.transaction.jta.platform.internal.NoJtaPlatform]
2021-11-15 14:07:57 INFO  Initialized JPA EntityManagerFactory for persistence unit 'default'
2021-11-15 14:07:57 WARN  spring.jpa.open-in-view is enabled by default. Therefore, database queries may be performed during view rendering. Explicitly configure spring.jpa.open-in-view to disable this warning
2021-11-15 14:07:58 INFO  Will secure any request with [org.springframework.security.web.context.request.async.WebAsyncManagerIntegrationFilter@16391278, org.springframework.security.web.context.SecurityContextPersistenceFilter@70d5d96b, org.springframework.security.web.header.HeaderWriterFilter@72715e61, org.springframework.security.web.csrf.CsrfFilter@24a8e40d, org.springframework.security.web.authentication.logout.LogoutFilter@6afeaf2d, org.springframework.security.web.authentication.UsernamePasswordAuthenticationFilter@a4df251, org.springframework.security.web.savedrequest.RequestCacheAwareFilter@75dc1c1c, org.springframework.security.web.servletapi.SecurityContextHolderAwareRequestFilter@29d2fa84, org.springframework.security.web.authentication.AnonymousAuthenticationFilter@621dc63d, org.springframework.security.web.session.SessionManagementFilter@5a6195b8, org.springframework.security.web.access.ExceptionTranslationFilter@386e9fd8, org.springframework.security.web.access.intercept.FilterSecurityInterceptor@5c0e2ec]
2021-11-15 14:07:58 INFO  Starting ProtocolHandler ["http-nio-8080"]
2021-11-15 14:07:58 INFO  Tomcat started on port(s): 8080 (http) with context path ''
2021-11-15 14:07:58 INFO  Started WebAppConfig in 3.98 seconds (JVM running for 4.496)
2021-11-15 14:08:03 INFO  Initializing Spring DispatcherServlet 'dispatcherServlet'
2021-11-15 14:08:03 INFO  Initializing Servlet 'dispatcherServlet'
2021-11-15 14:08:03 INFO  Completed initialization in 1 ms
2021-11-15 14:08:03 WARN  Resolved [org.springframework.web.HttpRequestMethodNotSupportedException: Request method 'POST' not supported]
2021-11-15 14:08:17 INFO  user: work.szczepanskimichal.project13snippetapp.user.CurrentUser [Username=michal, Password=[PROTECTED], Enabled=true, AccountNonExpired=true, credentialsNonExpired=true, AccountNonLocked=true, Granted Authorities=[ROLE_USER]] successfully logged out
2021-11-15 14:10:56 INFO  Closing JPA EntityManagerFactory for persistence unit 'default'
2021-11-15 14:10:56 INFO  HikariPool-1 - Shutdown initiated...
2021-11-15 14:10:56 INFO  HikariPool-1 - Shutdown completed.
2021-11-15 14:11:01 INFO  HV000001: Hibernate Validator 6.0.17.Final
2021-11-15 14:11:01 INFO  Starting WebAppConfig using Java 1.8.0_292 on michal-dell with PID 3711693 (/home/michal/Dropbox/projects (programing)/project13V2-snippetApp/target/classes started by michal in /home/michal/Dropbox/projects (programing)/project13V2-snippetApp)
2021-11-15 14:11:01 INFO  No active profile set, falling back to default profiles: default
2021-11-15 14:11:01 INFO  Bootstrapping Spring Data JPA repositories in DEFAULT mode.
2021-11-15 14:11:01 INFO  Finished Spring Data repository scanning in 39 ms. Found 4 JPA repository interfaces.
2021-11-15 14:11:02 INFO  Tomcat initialized with port(s): 8080 (http)
2021-11-15 14:11:02 INFO  Initializing ProtocolHandler ["http-nio-8080"]
2021-11-15 14:11:02 INFO  Starting service [Tomcat]
2021-11-15 14:11:02 INFO  Starting Servlet engine: [Apache Tomcat/9.0.48]
2021-11-15 14:11:02 INFO  At least one JAR was scanned for TLDs yet contained no TLDs. Enable debug logging for this logger for a complete list of JARs that were scanned but no TLDs were found in them. Skipping unneeded JARs during scanning can improve startup time and JSP compilation time.
2021-11-15 14:11:02 INFO  Initializing Spring embedded WebApplicationContext
2021-11-15 14:11:02 INFO  Root WebApplicationContext: initialization completed in 1143 ms
2021-11-15 14:11:02 INFO  HHH000204: Processing PersistenceUnitInfo [name: default]
2021-11-15 14:11:02 INFO  HHH000412: Hibernate ORM core version 5.4.32.Final
2021-11-15 14:11:02 INFO  HCANN000001: Hibernate Commons Annotations {5.1.2.Final}
2021-11-15 14:11:02 INFO  HikariPool-1 - Starting...
2021-11-15 14:11:02 INFO  HikariPool-1 - Start completed.
2021-11-15 14:11:02 INFO  HHH000400: Using dialect: org.hibernate.dialect.MySQL8Dialect
2021-11-15 14:11:03 INFO  HHH000490: Using JtaPlatform implementation: [org.hibernate.engine.transaction.jta.platform.internal.NoJtaPlatform]
2021-11-15 14:11:03 INFO  Initialized JPA EntityManagerFactory for persistence unit 'default'
2021-11-15 14:11:03 WARN  spring.jpa.open-in-view is enabled by default. Therefore, database queries may be performed during view rendering. Explicitly configure spring.jpa.open-in-view to disable this warning
2021-11-15 14:11:04 INFO  Will secure any request with [org.springframework.security.web.context.request.async.WebAsyncManagerIntegrationFilter@3e98b933, org.springframework.security.web.context.SecurityContextPersistenceFilter@3d798e76, org.springframework.security.web.header.HeaderWriterFilter@347123dc, org.springframework.security.web.csrf.CsrfFilter@b70fa38, org.springframework.security.web.authentication.logout.LogoutFilter@2bc0b8c8, org.springframework.security.web.authentication.UsernamePasswordAuthenticationFilter@553ce348, org.springframework.security.web.savedrequest.RequestCacheAwareFilter@386e9fd8, org.springframework.security.web.servletapi.SecurityContextHolderAwareRequestFilter@23469199, org.springframework.security.web.authentication.AnonymousAuthenticationFilter@222d9d4f, org.springframework.security.web.session.SessionManagementFilter@5403431a, org.springframework.security.web.access.ExceptionTranslationFilter@6df2af02, org.springframework.security.web.access.intercept.FilterSecurityInterceptor@466fedfa]
2021-11-15 14:11:04 INFO  Starting ProtocolHandler ["http-nio-8080"]
2021-11-15 14:11:04 INFO  Tomcat started on port(s): 8080 (http) with context path ''
2021-11-15 14:11:04 INFO  Started WebAppConfig in 3.55 seconds (JVM running for 4.423)
2021-11-15 14:11:08 INFO  Initializing Spring DispatcherServlet 'dispatcherServlet'
2021-11-15 14:11:08 INFO  Initializing Servlet 'dispatcherServlet'
2021-11-15 14:11:08 INFO  Completed initialization in 1 ms
2021-11-15 14:11:08 WARN  Resolved [org.springframework.web.HttpRequestMethodNotSupportedException: Request method 'POST' not supported]
2021-11-15 14:11:14 INFO  user: work.szczepanskimichal.project13snippetapp.user.CurrentUser [Username=michal, Password=[PROTECTED], Enabled=true, AccountNonExpired=true, credentialsNonExpired=true, AccountNonLocked=true, Granted Authorities=[ROLE_USER]] successfully logged out
2021-11-15 14:14:46 INFO  Closing JPA EntityManagerFactory for persistence unit 'default'
2021-11-15 14:14:46 INFO  HikariPool-1 - Shutdown initiated...
2021-11-15 14:14:46 INFO  HikariPool-1 - Shutdown completed.
2021-11-15 14:14:51 INFO  HV000001: Hibernate Validator 6.0.17.Final
2021-11-15 14:14:51 INFO  Starting WebAppConfig using Java 1.8.0_292 on michal-dell with PID 3711970 (/home/michal/Dropbox/projects (programing)/project13V2-snippetApp/target/classes started by michal in /home/michal/Dropbox/projects (programing)/project13V2-snippetApp)
2021-11-15 14:14:51 INFO  No active profile set, falling back to default profiles: default
2021-11-15 14:14:52 INFO  Bootstrapping Spring Data JPA repositories in DEFAULT mode.
2021-11-15 14:14:52 INFO  Finished Spring Data repository scanning in 41 ms. Found 4 JPA repository interfaces.
2021-11-15 14:14:52 INFO  Tomcat initialized with port(s): 8080 (http)
2021-11-15 14:14:52 INFO  Initializing ProtocolHandler ["http-nio-8080"]
2021-11-15 14:14:52 INFO  Starting service [Tomcat]
2021-11-15 14:14:52 INFO  Starting Servlet engine: [Apache Tomcat/9.0.48]
2021-11-15 14:14:52 INFO  At least one JAR was scanned for TLDs yet contained no TLDs. Enable debug logging for this logger for a complete list of JARs that were scanned but no TLDs were found in them. Skipping unneeded JARs during scanning can improve startup time and JSP compilation time.
2021-11-15 14:14:52 INFO  Initializing Spring embedded WebApplicationContext
2021-11-15 14:14:52 INFO  Root WebApplicationContext: initialization completed in 1187 ms
2021-11-15 14:14:52 INFO  HHH000204: Processing PersistenceUnitInfo [name: default]
2021-11-15 14:14:52 INFO  HHH000412: Hibernate ORM core version 5.4.32.Final
2021-11-15 14:14:52 INFO  HCANN000001: Hibernate Commons Annotations {5.1.2.Final}
2021-11-15 14:14:52 INFO  HikariPool-1 - Starting...
2021-11-15 14:14:53 INFO  HikariPool-1 - Start completed.
2021-11-15 14:14:53 INFO  HHH000400: Using dialect: org.hibernate.dialect.MySQL8Dialect
2021-11-15 14:14:53 INFO  HHH000490: Using JtaPlatform implementation: [org.hibernate.engine.transaction.jta.platform.internal.NoJtaPlatform]
2021-11-15 14:14:53 INFO  Initialized JPA EntityManagerFactory for persistence unit 'default'
2021-11-15 14:14:54 WARN  spring.jpa.open-in-view is enabled by default. Therefore, database queries may be performed during view rendering. Explicitly configure spring.jpa.open-in-view to disable this warning
2021-11-15 14:14:54 INFO  Will secure any request with [org.springframework.security.web.context.request.async.WebAsyncManagerIntegrationFilter@369ad7da, org.springframework.security.web.context.SecurityContextPersistenceFilter@5403431a, org.springframework.security.web.header.HeaderWriterFilter@1f7336b2, org.springframework.security.web.csrf.CsrfFilter@6a4a2090, org.springframework.security.web.authentication.logout.LogoutFilter@4540c7, org.springframework.security.web.authentication.UsernamePasswordAuthenticationFilter@258a8584, org.springframework.security.web.savedrequest.RequestCacheAwareFilter@3d798e76, org.springframework.security.web.servletapi.SecurityContextHolderAwareRequestFilter@8af1c49, org.springframework.security.web.authentication.AnonymousAuthenticationFilter@344f9467, org.springframework.security.web.session.SessionManagementFilter@347123dc, org.springframework.security.web.access.ExceptionTranslationFilter@6501b105, org.springframework.security.web.access.intercept.FilterSecurityInterceptor@429e7914]
2021-11-15 14:14:54 INFO  Starting ProtocolHandler ["http-nio-8080"]
2021-11-15 14:14:54 INFO  Tomcat started on port(s): 8080 (http) with context path ''
2021-11-15 14:14:54 INFO  Started WebAppConfig in 3.604 seconds (JVM running for 4.127)
2021-11-15 14:15:02 INFO  Initializing Spring DispatcherServlet 'dispatcherServlet'
2021-11-15 14:15:02 INFO  Initializing Servlet 'dispatcherServlet'
2021-11-15 14:15:02 INFO  Completed initialization in 1 ms
2021-11-15 14:15:02 WARN  Resolved [org.springframework.web.HttpRequestMethodNotSupportedException: Request method 'POST' not supported]
2021-11-15 14:15:08 INFO  user logged in: anonymousUser
2021-11-15 14:15:10 INFO  error committed while logging in: [Ljava.lang.String;@66bff297 user: anonymousUser
2021-11-15 14:15:10 INFO  user logged in: anonymousUser
2021-11-15 14:16:12 INFO  Closing JPA EntityManagerFactory for persistence unit 'default'
2021-11-15 14:16:12 INFO  HikariPool-1 - Shutdown initiated...
2021-11-15 14:16:12 INFO  HikariPool-1 - Shutdown completed.
2021-11-15 14:16:17 INFO  HV000001: Hibernate Validator 6.0.17.Final
2021-11-15 14:16:17 INFO  Starting WebAppConfig using Java 1.8.0_292 on michal-dell with PID 3712114 (/home/michal/Dropbox/projects (programing)/project13V2-snippetApp/target/classes started by michal in /home/michal/Dropbox/projects (programing)/project13V2-snippetApp)
2021-11-15 14:16:17 INFO  No active profile set, falling back to default profiles: default
2021-11-15 14:16:18 INFO  Bootstrapping Spring Data JPA repositories in DEFAULT mode.
2021-11-15 14:16:18 INFO  Finished Spring Data repository scanning in 52 ms. Found 4 JPA repository interfaces.
2021-11-15 14:16:19 INFO  Tomcat initialized with port(s): 8080 (http)
2021-11-15 14:16:19 INFO  Initializing ProtocolHandler ["http-nio-8080"]
2021-11-15 14:16:19 INFO  Starting service [Tomcat]
2021-11-15 14:16:19 INFO  Starting Servlet engine: [Apache Tomcat/9.0.48]
2021-11-15 14:16:19 INFO  At least one JAR was scanned for TLDs yet contained no TLDs. Enable debug logging for this logger for a complete list of JARs that were scanned but no TLDs were found in them. Skipping unneeded JARs during scanning can improve startup time and JSP compilation time.
2021-11-15 14:16:19 INFO  Initializing Spring embedded WebApplicationContext
2021-11-15 14:16:19 INFO  Root WebApplicationContext: initialization completed in 1286 ms
2021-11-15 14:16:19 INFO  HHH000204: Processing PersistenceUnitInfo [name: default]
2021-11-15 14:16:19 INFO  HHH000412: Hibernate ORM core version 5.4.32.Final
2021-11-15 14:16:19 INFO  HCANN000001: Hibernate Commons Annotations {5.1.2.Final}
2021-11-15 14:16:19 INFO  HikariPool-1 - Starting...
2021-11-15 14:16:19 INFO  HikariPool-1 - Start completed.
2021-11-15 14:16:19 INFO  HHH000400: Using dialect: org.hibernate.dialect.MySQL8Dialect
2021-11-15 14:16:20 INFO  HHH000490: Using JtaPlatform implementation: [org.hibernate.engine.transaction.jta.platform.internal.NoJtaPlatform]
2021-11-15 14:16:20 INFO  Initialized JPA EntityManagerFactory for persistence unit 'default'
2021-11-15 14:16:20 WARN  spring.jpa.open-in-view is enabled by default. Therefore, database queries may be performed during view rendering. Explicitly configure spring.jpa.open-in-view to disable this warning
2021-11-15 14:16:21 INFO  Will secure any request with [org.springframework.security.web.context.request.async.WebAsyncManagerIntegrationFilter@66b6873f, org.springframework.security.web.context.SecurityContextPersistenceFilter@75452aea, org.springframework.security.web.header.HeaderWriterFilter@283baa39, org.springframework.security.web.csrf.CsrfFilter@2f07930a, org.springframework.security.web.authentication.logout.LogoutFilter@34cb0e49, org.springframework.security.web.authentication.UsernamePasswordAuthenticationFilter@1179fc8c, org.springframework.security.web.savedrequest.RequestCacheAwareFilter@4537880f, org.springframework.security.web.servletapi.SecurityContextHolderAwareRequestFilter@32a033b6, org.springframework.security.web.authentication.AnonymousAuthenticationFilter@52285a5f, org.springframework.security.web.session.SessionManagementFilter@2830315f, org.springframework.security.web.access.ExceptionTranslationFilter@6afeaf2d, org.springframework.security.web.access.intercept.FilterSecurityInterceptor@101c15ad]
2021-11-15 14:16:21 INFO  Starting ProtocolHandler ["http-nio-8080"]
2021-11-15 14:16:21 INFO  Tomcat started on port(s): 8080 (http) with context path ''
2021-11-15 14:16:21 INFO  Started WebAppConfig in 4.063 seconds (JVM running for 5.4)
2021-11-15 14:16:37 INFO  Initializing Spring DispatcherServlet 'dispatcherServlet'
2021-11-15 14:16:37 INFO  Initializing Servlet 'dispatcherServlet'
2021-11-15 14:16:37 INFO  Completed initialization in 1 ms
2021-11-15 14:16:38 INFO  error committed while logging in: [Ljava.lang.String;@3c255677 user: anonymousUser
2021-11-15 14:17:03 INFO  user logged in: anonymousUser
2021-11-15 14:17:06 INFO  user logged in: anonymousUser
2021-11-15 14:17:07 INFO  Closing JPA EntityManagerFactory for persistence unit 'default'
2021-11-15 14:17:07 INFO  HikariPool-1 - Shutdown initiated...
2021-11-15 14:17:07 INFO  HikariPool-1 - Shutdown completed.
2021-11-15 14:17:10 INFO  HV000001: Hibernate Validator 6.0.17.Final
2021-11-15 14:17:10 INFO  Starting WebAppConfig using Java 1.8.0_292 on michal-dell with PID 3712326 (/home/michal/Dropbox/projects (programing)/project13V2-snippetApp/target/classes started by michal in /home/michal/Dropbox/projects (programing)/project13V2-snippetApp)
2021-11-15 14:17:10 INFO  No active profile set, falling back to default profiles: default
2021-11-15 14:17:11 INFO  Bootstrapping Spring Data JPA repositories in DEFAULT mode.
2021-11-15 14:17:11 INFO  Finished Spring Data repository scanning in 59 ms. Found 4 JPA repository interfaces.
2021-11-15 14:17:12 INFO  Tomcat initialized with port(s): 8080 (http)
2021-11-15 14:17:12 INFO  Initializing ProtocolHandler ["http-nio-8080"]
2021-11-15 14:17:12 INFO  Starting service [Tomcat]
2021-11-15 14:17:12 INFO  Starting Servlet engine: [Apache Tomcat/9.0.48]
2021-11-15 14:17:12 INFO  At least one JAR was scanned for TLDs yet contained no TLDs. Enable debug logging for this logger for a complete list of JARs that were scanned but no TLDs were found in them. Skipping unneeded JARs during scanning can improve startup time and JSP compilation time.
2021-11-15 14:17:12 INFO  Initializing Spring embedded WebApplicationContext
2021-11-15 14:17:12 INFO  Root WebApplicationContext: initialization completed in 1339 ms
2021-11-15 14:17:12 INFO  HHH000204: Processing PersistenceUnitInfo [name: default]
2021-11-15 14:17:12 INFO  HHH000412: Hibernate ORM core version 5.4.32.Final
2021-11-15 14:17:12 INFO  HCANN000001: Hibernate Commons Annotations {5.1.2.Final}
2021-11-15 14:17:12 INFO  HikariPool-1 - Starting...
2021-11-15 14:17:12 INFO  HikariPool-1 - Start completed.
2021-11-15 14:17:12 INFO  HHH000400: Using dialect: org.hibernate.dialect.MySQL8Dialect
2021-11-15 14:17:13 INFO  HHH000490: Using JtaPlatform implementation: [org.hibernate.engine.transaction.jta.platform.internal.NoJtaPlatform]
2021-11-15 14:17:13 INFO  Initialized JPA EntityManagerFactory for persistence unit 'default'
2021-11-15 14:17:13 WARN  spring.jpa.open-in-view is enabled by default. Therefore, database queries may be performed during view rendering. Explicitly configure spring.jpa.open-in-view to disable this warning
2021-11-15 14:17:14 INFO  Will secure any request with [org.springframework.security.web.context.request.async.WebAsyncManagerIntegrationFilter@1179fc8c, org.springframework.security.web.context.SecurityContextPersistenceFilter@6afeaf2d, org.springframework.security.web.header.HeaderWriterFilter@29892a77, org.springframework.security.web.csrf.CsrfFilter@23469199, org.springframework.security.web.authentication.logout.LogoutFilter@1d1cfe4, org.springframework.security.web.authentication.UsernamePasswordAuthenticationFilter@6068ebb2, org.springframework.security.web.savedrequest.RequestCacheAwareFilter@1a7e799e, org.springframework.security.web.servletapi.SecurityContextHolderAwareRequestFilter@14292d71, org.springframework.security.web.authentication.AnonymousAuthenticationFilter@a03529c, org.springframework.security.web.session.SessionManagementFilter@405d8a80, org.springframework.security.web.access.ExceptionTranslationFilter@3f1158ee, org.springframework.security.web.access.intercept.FilterSecurityInterceptor@6ba0ee4a]
2021-11-15 14:17:14 INFO  Starting ProtocolHandler ["http-nio-8080"]
2021-11-15 14:17:14 INFO  Tomcat started on port(s): 8080 (http) with context path ''
2021-11-15 14:17:14 INFO  Started WebAppConfig in 4.207 seconds (JVM running for 5.327)
2021-11-15 14:17:15 INFO  Initializing Spring DispatcherServlet 'dispatcherServlet'
2021-11-15 14:17:15 INFO  Initializing Servlet 'dispatcherServlet'
2021-11-15 14:17:15 INFO  Completed initialization in 1 ms
2021-11-15 14:17:20 INFO  user logged in: anonymousUser
2021-11-15 14:17:27 INFO  Closing JPA EntityManagerFactory for persistence unit 'default'
2021-11-15 14:17:27 INFO  HikariPool-1 - Shutdown initiated...
2021-11-15 14:17:27 INFO  HikariPool-1 - Shutdown completed.
2021-11-15 14:17:30 INFO  HV000001: Hibernate Validator 6.0.17.Final
2021-11-15 14:17:30 INFO  Starting WebAppConfig using Java 1.8.0_292 on michal-dell with PID 3712607 (/home/michal/Dropbox/projects (programing)/project13V2-snippetApp/target/classes started by michal in /home/michal/Dropbox/projects (programing)/project13V2-snippetApp)
2021-11-15 14:17:30 INFO  No active profile set, falling back to default profiles: default
2021-11-15 14:17:31 INFO  Bootstrapping Spring Data JPA repositories in DEFAULT mode.
2021-11-15 14:17:32 INFO  Finished Spring Data repository scanning in 67 ms. Found 4 JPA repository interfaces.
2021-11-15 14:17:32 INFO  Tomcat initialized with port(s): 8080 (http)
2021-11-15 14:17:32 INFO  Initializing ProtocolHandler ["http-nio-8080"]
2021-11-15 14:17:32 INFO  Starting service [Tomcat]
2021-11-15 14:17:32 INFO  Starting Servlet engine: [Apache Tomcat/9.0.48]
2021-11-15 14:17:32 INFO  At least one JAR was scanned for TLDs yet contained no TLDs. Enable debug logging for this logger for a complete list of JARs that were scanned but no TLDs were found in them. Skipping unneeded JARs during scanning can improve startup time and JSP compilation time.
2021-11-15 14:17:32 INFO  Initializing Spring embedded WebApplicationContext
2021-11-15 14:17:32 INFO  Root WebApplicationContext: initialization completed in 2098 ms
2021-11-15 14:17:32 INFO  HHH000204: Processing PersistenceUnitInfo [name: default]
2021-11-15 14:17:32 INFO  HHH000412: Hibernate ORM core version 5.4.32.Final
2021-11-15 14:17:33 INFO  HCANN000001: Hibernate Commons Annotations {5.1.2.Final}
2021-11-15 14:17:33 INFO  HikariPool-1 - Starting...
2021-11-15 14:17:33 INFO  HikariPool-1 - Start completed.
2021-11-15 14:17:33 INFO  HHH000400: Using dialect: org.hibernate.dialect.MySQL8Dialect
2021-11-15 14:17:34 INFO  HHH000490: Using JtaPlatform implementation: [org.hibernate.engine.transaction.jta.platform.internal.NoJtaPlatform]
2021-11-15 14:17:34 INFO  Initialized JPA EntityManagerFactory for persistence unit 'default'
2021-11-15 14:17:34 WARN  spring.jpa.open-in-view is enabled by default. Therefore, database queries may be performed during view rendering. Explicitly configure spring.jpa.open-in-view to disable this warning
2021-11-15 14:17:35 INFO  Will secure any request with [org.springframework.security.web.context.request.async.WebAsyncManagerIntegrationFilter@57f0bfc3, org.springframework.security.web.context.SecurityContextPersistenceFilter@32a033b6, org.springframework.security.web.header.HeaderWriterFilter@2729bb71, org.springframework.security.web.csrf.CsrfFilter@29892a77, org.springframework.security.web.authentication.logout.LogoutFilter@7d12429, org.springframework.security.web.authentication.UsernamePasswordAuthenticationFilter@60f9dc7e, org.springframework.security.web.savedrequest.RequestCacheAwareFilter@3212bfd, org.springframework.security.web.servletapi.SecurityContextHolderAwareRequestFilter@312a738d, org.springframework.security.web.authentication.AnonymousAuthenticationFilter@14590fe2, org.springframework.security.web.session.SessionManagementFilter@10d98940, org.springframework.security.web.access.ExceptionTranslationFilter@14292d71, org.springframework.security.web.access.intercept.FilterSecurityInterceptor@143413cd]
2021-11-15 14:17:35 INFO  Starting ProtocolHandler ["http-nio-8080"]
2021-11-15 14:17:35 INFO  Tomcat started on port(s): 8080 (http) with context path ''
2021-11-15 14:17:35 INFO  Started WebAppConfig in 5.378 seconds (JVM running for 6.417)
2021-11-15 14:17:38 INFO  Initializing Spring DispatcherServlet 'dispatcherServlet'
2021-11-15 14:17:38 INFO  Initializing Servlet 'dispatcherServlet'
2021-11-15 14:17:38 INFO  Completed initialization in 2 ms
2021-11-15 14:17:39 WARN  Resolved [org.springframework.web.HttpRequestMethodNotSupportedException: Request method 'POST' not supported]
2021-11-15 14:17:55 INFO  user logged in: anonymousUser
2021-11-15 14:17:55 INFO  user logged in: anonymousUser
2021-11-15 14:17:55 INFO  Closing JPA EntityManagerFactory for persistence unit 'default'
2021-11-15 14:17:55 INFO  HikariPool-1 - Shutdown initiated...
2021-11-15 14:17:55 INFO  HikariPool-1 - Shutdown completed.
2021-11-15 14:19:40 INFO  Starting WebAppConfig using Java 1.8.0_292 on michal-dell with PID 3712793 (/home/michal/Dropbox/projects (programing)/project13V2-snippetApp/target/classes started by michal in /home/michal/Dropbox/projects (programing)/project13V2-snippetApp)
2021-11-15 14:19:40 INFO  No active profile set, falling back to default profiles: default
2021-11-15 14:19:40 INFO  HV000001: Hibernate Validator 6.0.17.Final
2021-11-15 14:19:41 INFO  Bootstrapping Spring Data JPA repositories in DEFAULT mode.
2021-11-15 14:19:41 INFO  Finished Spring Data repository scanning in 69 ms. Found 4 JPA repository interfaces.
2021-11-15 14:19:42 INFO  Tomcat initialized with port(s): 8080 (http)
2021-11-15 14:19:42 INFO  Initializing ProtocolHandler ["http-nio-8080"]
2021-11-15 14:19:42 INFO  Starting service [Tomcat]
2021-11-15 14:19:42 INFO  Starting Servlet engine: [Apache Tomcat/9.0.48]
2021-11-15 14:19:42 INFO  At least one JAR was scanned for TLDs yet contained no TLDs. Enable debug logging for this logger for a complete list of JARs that were scanned but no TLDs were found in them. Skipping unneeded JARs during scanning can improve startup time and JSP compilation time.
2021-11-15 14:19:42 INFO  Initializing Spring embedded WebApplicationContext
2021-11-15 14:19:42 INFO  Root WebApplicationContext: initialization completed in 1765 ms
2021-11-15 14:19:42 INFO  HHH000204: Processing PersistenceUnitInfo [name: default]
2021-11-15 14:19:42 INFO  HHH000412: Hibernate ORM core version 5.4.32.Final
2021-11-15 14:19:43 INFO  HCANN000001: Hibernate Commons Annotations {5.1.2.Final}
2021-11-15 14:19:43 INFO  HikariPool-1 - Starting...
2021-11-15 14:19:43 INFO  HikariPool-1 - Start completed.
2021-11-15 14:19:43 INFO  HHH000400: Using dialect: org.hibernate.dialect.MySQL8Dialect
2021-11-15 14:19:44 INFO  HHH000490: Using JtaPlatform implementation: [org.hibernate.engine.transaction.jta.platform.internal.NoJtaPlatform]
2021-11-15 14:19:44 INFO  Initialized JPA EntityManagerFactory for persistence unit 'default'
2021-11-15 14:19:44 WARN  spring.jpa.open-in-view is enabled by default. Therefore, database queries may be performed during view rendering. Explicitly configure spring.jpa.open-in-view to disable this warning
2021-11-15 14:19:45 INFO  Will secure any request with [org.springframework.security.web.context.request.async.WebAsyncManagerIntegrationFilter@632d4cf2, org.springframework.security.web.context.SecurityContextPersistenceFilter@ba562e0, org.springframework.security.web.header.HeaderWriterFilter@3212bfd, org.springframework.security.web.csrf.CsrfFilter@1a7e799e, org.springframework.security.web.authentication.logout.LogoutFilter@38e00b47, org.springframework.security.web.authentication.UsernamePasswordAuthenticationFilter@1bec1589, org.springframework.security.web.savedrequest.RequestCacheAwareFilter@4d8056bf, org.springframework.security.web.servletapi.SecurityContextHolderAwareRequestFilter@3f6f9cef, org.springframework.security.web.authentication.AnonymousAuthenticationFilter@f10d055, org.springframework.security.web.session.SessionManagementFilter@2f471037, org.springframework.security.web.access.ExceptionTranslationFilter@10d98940, org.springframework.security.web.access.intercept.FilterSecurityInterceptor@224e6e88]
2021-11-15 14:19:45 INFO  Starting ProtocolHandler ["http-nio-8080"]
2021-11-15 14:19:45 INFO  Tomcat started on port(s): 8080 (http) with context path ''
2021-11-15 14:19:45 INFO  Started WebAppConfig in 5.574 seconds (JVM running for 6.514)
2021-11-15 14:19:49 INFO  Initializing Spring DispatcherServlet 'dispatcherServlet'
2021-11-15 14:19:49 INFO  Initializing Servlet 'dispatcherServlet'
2021-11-15 14:19:49 INFO  Completed initialization in 2 ms
2021-11-15 14:19:49 WARN  Resolved [org.springframework.web.HttpRequestMethodNotSupportedException: Request method 'POST' not supported]
2021-11-15 14:19:57 INFO  user logged out: work.szczepanskimichal.project13snippetapp.user.CurrentUser [Username=michal, Password=[PROTECTED], Enabled=true, AccountNonExpired=true, credentialsNonExpired=true, AccountNonLocked=true, Granted Authorities=[ROLE_USER]]
2021-11-15 14:21:08 WARN  HikariPool-1 - Thread starvation or clock leap detected (housekeeper delta=1m24s572ms536µs283ns).
2021-11-15 14:21:08 INFO  Closing JPA EntityManagerFactory for persistence unit 'default'
2021-11-15 14:21:08 INFO  HikariPool-1 - Shutdown initiated...
2021-11-15 14:21:08 INFO  HikariPool-1 - Shutdown completed.
2021-11-15 14:21:21 INFO  HV000001: Hibernate Validator 6.0.17.Final
2021-11-15 14:21:21 INFO  Starting WebAppConfig using Java 1.8.0_292 on michal-dell with PID 3713120 (/home/michal/Dropbox/projects (programing)/project13V2-snippetApp/target/classes started by michal in /home/michal/Dropbox/projects (programing)/project13V2-snippetApp)
2021-11-15 14:21:21 INFO  No active profile set, falling back to default profiles: default
2021-11-15 14:21:22 INFO  Bootstrapping Spring Data JPA repositories in DEFAULT mode.
2021-11-15 14:21:22 INFO  Finished Spring Data repository scanning in 45 ms. Found 4 JPA repository interfaces.
2021-11-15 14:21:22 INFO  Tomcat initialized with port(s): 8080 (http)
2021-11-15 14:21:22 INFO  Initializing ProtocolHandler ["http-nio-8080"]
2021-11-15 14:21:22 INFO  Starting service [Tomcat]
2021-11-15 14:21:22 INFO  Starting Servlet engine: [Apache Tomcat/9.0.48]
2021-11-15 14:21:23 INFO  At least one JAR was scanned for TLDs yet contained no TLDs. Enable debug logging for this logger for a complete list of JARs that were scanned but no TLDs were found in them. Skipping unneeded JARs during scanning can improve startup time and JSP compilation time.
2021-11-15 14:21:23 INFO  Initializing Spring embedded WebApplicationContext
2021-11-15 14:21:23 INFO  Root WebApplicationContext: initialization completed in 1263 ms
2021-11-15 14:21:23 INFO  HHH000204: Processing PersistenceUnitInfo [name: default]
2021-11-15 14:21:23 INFO  HHH000412: Hibernate ORM core version 5.4.32.Final
2021-11-15 14:21:23 INFO  HCANN000001: Hibernate Commons Annotations {5.1.2.Final}
2021-11-15 14:21:23 INFO  HikariPool-1 - Starting...
2021-11-15 14:21:23 INFO  HikariPool-1 - Start completed.
2021-11-15 14:21:23 INFO  HHH000400: Using dialect: org.hibernate.dialect.MySQL8Dialect
2021-11-15 14:21:24 INFO  HHH000490: Using JtaPlatform implementation: [org.hibernate.engine.transaction.jta.platform.internal.NoJtaPlatform]
2021-11-15 14:21:24 INFO  Initialized JPA EntityManagerFactory for persistence unit 'default'
2021-11-15 14:21:24 WARN  spring.jpa.open-in-view is enabled by default. Therefore, database queries may be performed during view rendering. Explicitly configure spring.jpa.open-in-view to disable this warning
2021-11-15 14:21:24 INFO  Will secure any request with [org.springframework.security.web.context.request.async.WebAsyncManagerIntegrationFilter@34cf0e80, org.springframework.security.web.context.SecurityContextPersistenceFilter@5ba184fc, org.springframework.security.web.header.HeaderWriterFilter@70d5d96b, org.springframework.security.web.csrf.CsrfFilter@66ab924, org.springframework.security.web.authentication.logout.LogoutFilter@283baa39, org.springframework.security.web.authentication.UsernamePasswordAuthenticationFilter@55e42684, org.springframework.security.web.savedrequest.RequestCacheAwareFilter@59d5c537, org.springframework.security.web.servletapi.SecurityContextHolderAwareRequestFilter@15f861ee, org.springframework.security.web.authentication.AnonymousAuthenticationFilter@38ef1a0a, org.springframework.security.web.session.SessionManagementFilter@75dc1c1c, org.springframework.security.web.access.ExceptionTranslationFilter@72715e61, org.springframework.security.web.access.intercept.FilterSecurityInterceptor@344f9467]
2021-11-15 14:21:25 INFO  Starting ProtocolHandler ["http-nio-8080"]
2021-11-15 14:21:25 INFO  Tomcat started on port(s): 8080 (http) with context path ''
2021-11-15 14:21:25 INFO  Started WebAppConfig in 3.764 seconds (JVM running for 4.338)
2021-11-15 14:21:34 INFO  Initializing Spring DispatcherServlet 'dispatcherServlet'
2021-11-15 14:21:34 INFO  Initializing Servlet 'dispatcherServlet'
2021-11-15 14:21:34 INFO  Completed initialization in 0 ms
2021-11-15 14:21:34 INFO  ineffective login from IP: WebAuthenticationDetails [RemoteIpAddress=0:0:0:0:0:0:0:1, SessionId=null]
2021-11-15 14:22:00 INFO  Closing JPA EntityManagerFactory for persistence unit 'default'
2021-11-15 14:22:00 INFO  HikariPool-1 - Shutdown initiated...
2021-11-15 14:22:00 INFO  HikariPool-1 - Shutdown completed.
2021-11-15 14:22:05 INFO  Starting WebAppConfig using Java 1.8.0_292 on michal-dell with PID 3713253 (/home/michal/Dropbox/projects (programing)/project13V2-snippetApp/target/classes started by michal in /home/michal/Dropbox/projects (programing)/project13V2-snippetApp)
2021-11-15 14:22:05 INFO  HV000001: Hibernate Validator 6.0.17.Final
2021-11-15 14:22:05 INFO  No active profile set, falling back to default profiles: default
2021-11-15 14:22:06 INFO  Bootstrapping Spring Data JPA repositories in DEFAULT mode.
2021-11-15 14:22:06 INFO  Finished Spring Data repository scanning in 84 ms. Found 4 JPA repository interfaces.
2021-11-15 14:22:06 INFO  HV000001: Hibernate Validator 6.0.17.Final
2021-11-15 14:22:06 INFO  Starting WebAppConfig using Java 1.8.0_292 on michal-dell with PID 3713329 (/home/michal/Dropbox/projects (programing)/project13V2-snippetApp/target/classes started by michal in /home/michal/Dropbox/projects (programing)/project13V2-snippetApp)
2021-11-15 14:22:06 INFO  No active profile set, falling back to default profiles: default
2021-11-15 14:22:06 INFO  Tomcat initialized with port(s): 8080 (http)
2021-11-15 14:22:06 INFO  Initializing ProtocolHandler ["http-nio-8080"]
2021-11-15 14:22:06 INFO  Starting service [Tomcat]
2021-11-15 14:22:07 INFO  Starting Servlet engine: [Apache Tomcat/9.0.48]
2021-11-15 14:22:07 INFO  At least one JAR was scanned for TLDs yet contained no TLDs. Enable debug logging for this logger for a complete list of JARs that were scanned but no TLDs were found in them. Skipping unneeded JARs during scanning can improve startup time and JSP compilation time.
2021-11-15 14:22:07 INFO  Initializing Spring embedded WebApplicationContext
2021-11-15 14:22:07 INFO  Root WebApplicationContext: initialization completed in 2236 ms
2021-11-15 14:22:07 INFO  Bootstrapping Spring Data JPA repositories in DEFAULT mode.
2021-11-15 14:22:07 INFO  HHH000204: Processing PersistenceUnitInfo [name: default]
2021-11-15 14:22:07 INFO  Finished Spring Data repository scanning in 63 ms. Found 4 JPA repository interfaces.
2021-11-15 14:22:07 INFO  HHH000412: Hibernate ORM core version 5.4.32.Final
2021-11-15 14:22:07 INFO  HCANN000001: Hibernate Commons Annotations {5.1.2.Final}
2021-11-15 14:22:07 INFO  HikariPool-1 - Starting...
2021-11-15 14:22:08 INFO  Tomcat initialized with port(s): 8080 (http)
2021-11-15 14:22:08 INFO  Initializing ProtocolHandler ["http-nio-8080"]
2021-11-15 14:22:08 INFO  Starting service [Tomcat]
2021-11-15 14:22:08 INFO  Starting Servlet engine: [Apache Tomcat/9.0.48]
2021-11-15 14:22:08 INFO  HikariPool-1 - Start completed.
2021-11-15 14:22:08 INFO  HHH000400: Using dialect: org.hibernate.dialect.MySQL8Dialect
2021-11-15 14:22:08 INFO  At least one JAR was scanned for TLDs yet contained no TLDs. Enable debug logging for this logger for a complete list of JARs that were scanned but no TLDs were found in them. Skipping unneeded JARs during scanning can improve startup time and JSP compilation time.
2021-11-15 14:22:08 INFO  Initializing Spring embedded WebApplicationContext
2021-11-15 14:22:08 INFO  Root WebApplicationContext: initialization completed in 1778 ms
2021-11-15 14:22:08 INFO  HHH000204: Processing PersistenceUnitInfo [name: default]
2021-11-15 14:22:08 INFO  HHH000412: Hibernate ORM core version 5.4.32.Final
2021-11-15 14:22:08 INFO  HCANN000001: Hibernate Commons Annotations {5.1.2.Final}
2021-11-15 14:22:08 INFO  HikariPool-1 - Starting...
2021-11-15 14:22:09 INFO  HikariPool-1 - Start completed.
2021-11-15 14:22:09 INFO  HHH000400: Using dialect: org.hibernate.dialect.MySQL8Dialect
2021-11-15 14:22:09 INFO  HHH000490: Using JtaPlatform implementation: [org.hibernate.engine.transaction.jta.platform.internal.NoJtaPlatform]
2021-11-15 14:22:09 INFO  Initialized JPA EntityManagerFactory for persistence unit 'default'
2021-11-15 14:22:09 WARN  spring.jpa.open-in-view is enabled by default. Therefore, database queries may be performed during view rendering. Explicitly configure spring.jpa.open-in-view to disable this warning
2021-11-15 14:22:09 INFO  HHH000490: Using JtaPlatform implementation: [org.hibernate.engine.transaction.jta.platform.internal.NoJtaPlatform]
2021-11-15 14:22:09 INFO  Initialized JPA EntityManagerFactory for persistence unit 'default'
2021-11-15 14:22:10 INFO  Will secure any request with [org.springframework.security.web.context.request.async.WebAsyncManagerIntegrationFilter@f10d055, org.springframework.security.web.context.SecurityContextPersistenceFilter@4d8056bf, org.springframework.security.web.header.HeaderWriterFilter@2f471037, org.springframework.security.web.csrf.CsrfFilter@283baa39, org.springframework.security.web.authentication.logout.LogoutFilter@425b5fe2, org.springframework.security.web.authentication.UsernamePasswordAuthenticationFilter@57f0bfc3, org.springframework.security.web.savedrequest.RequestCacheAwareFilter@6233c6c2, org.springframework.security.web.servletapi.SecurityContextHolderAwareRequestFilter@7858d31d, org.springframework.security.web.authentication.AnonymousAuthenticationFilter@542ff147, org.springframework.security.web.session.SessionManagementFilter@ba562e0, org.springframework.security.web.access.ExceptionTranslationFilter@32a033b6, org.springframework.security.web.access.intercept.FilterSecurityInterceptor@70139a81]
2021-11-15 14:22:10 WARN  spring.jpa.open-in-view is enabled by default. Therefore, database queries may be performed during view rendering. Explicitly configure spring.jpa.open-in-view to disable this warning
2021-11-15 14:22:10 INFO  Starting ProtocolHandler ["http-nio-8080"]
2021-11-15 14:22:10 INFO  Tomcat started on port(s): 8080 (http) with context path ''
2021-11-15 14:22:10 INFO  Started WebAppConfig in 6.071 seconds (JVM running for 6.745)
2021-11-15 14:22:10 INFO  Will secure any request with [org.springframework.security.web.context.request.async.WebAsyncManagerIntegrationFilter@280484c7, org.springframework.security.web.context.SecurityContextPersistenceFilter@6501b105, org.springframework.security.web.header.HeaderWriterFilter@504b8705, org.springframework.security.web.csrf.CsrfFilter@16cf7fd0, org.springframework.security.web.authentication.logout.LogoutFilter@5ba184fc, org.springframework.security.web.authentication.UsernamePasswordAuthenticationFilter@6e364f1f, org.springframework.security.web.savedrequest.RequestCacheAwareFilter@6df2af02, org.springframework.security.web.servletapi.SecurityContextHolderAwareRequestFilter@763b0996, org.springframework.security.web.authentication.AnonymousAuthenticationFilter@5a6f6cac, org.springframework.security.web.session.SessionManagementFilter@175f859e, org.springframework.security.web.access.ExceptionTranslationFilter@4813d0, org.springframework.security.web.access.intercept.FilterSecurityInterceptor@2c815fdc]
2021-11-15 14:22:11 INFO  Starting ProtocolHandler ["http-nio-8080"]
2021-11-15 14:22:11 WARN  Exception encountered during context initialization - cancelling refresh attempt: org.springframework.context.ApplicationContextException: Failed to start bean 'webServerStartStop'; nested exception is org.springframework.boot.web.server.PortInUseException: Port 8080 is already in use
2021-11-15 14:22:11 INFO  Closing JPA EntityManagerFactory for persistence unit 'default'
2021-11-15 14:22:11 INFO  HikariPool-1 - Shutdown initiated...
2021-11-15 14:22:11 INFO  HikariPool-1 - Shutdown completed.
2021-11-15 14:22:11 INFO  Pausing ProtocolHandler ["http-nio-8080"]
2021-11-15 14:22:11 INFO  Stopping service [Tomcat]
2021-11-15 14:22:11 INFO  Stopping ProtocolHandler ["http-nio-8080"]
2021-11-15 14:22:11 INFO  Destroying ProtocolHandler ["http-nio-8080"]
2021-11-15 14:22:11 INFO  

Error starting ApplicationContext. To display the conditions report re-run your application with 'debug' enabled.
2021-11-15 14:22:11 ERROR 

***************************
APPLICATION FAILED TO START
***************************

Description:

Web server failed to start. Port 8080 was already in use.

Action:

Identify and stop the process that's listening on port 8080 or configure this application to listen on another port.

2021-11-15 14:22:54 INFO  HV000001: Hibernate Validator 6.0.17.Final
2021-11-15 14:22:54 INFO  Starting WebAppConfig using Java 1.8.0_292 on michal-dell with PID 3713557 (/home/michal/Dropbox/projects (programing)/project13V2-snippetApp/target/classes started by michal in /home/michal/Dropbox/projects (programing)/project13V2-snippetApp)
2021-11-15 14:22:54 INFO  No active profile set, falling back to default profiles: default
2021-11-15 14:22:55 INFO  Bootstrapping Spring Data JPA repositories in DEFAULT mode.
2021-11-15 14:22:55 INFO  Finished Spring Data repository scanning in 46 ms. Found 4 JPA repository interfaces.
2021-11-15 14:22:55 INFO  Tomcat initialized with port(s): 8080 (http)
2021-11-15 14:22:55 INFO  Initializing ProtocolHandler ["http-nio-8080"]
2021-11-15 14:22:55 INFO  Starting service [Tomcat]
2021-11-15 14:22:55 INFO  Starting Servlet engine: [Apache Tomcat/9.0.48]
2021-11-15 14:22:55 INFO  At least one JAR was scanned for TLDs yet contained no TLDs. Enable debug logging for this logger for a complete list of JARs that were scanned but no TLDs were found in them. Skipping unneeded JARs during scanning can improve startup time and JSP compilation time.
2021-11-15 14:22:55 INFO  Initializing Spring embedded WebApplicationContext
2021-11-15 14:22:55 INFO  Root WebApplicationContext: initialization completed in 1236 ms
2021-11-15 14:22:55 INFO  HHH000204: Processing PersistenceUnitInfo [name: default]
2021-11-15 14:22:55 INFO  HHH000412: Hibernate ORM core version 5.4.32.Final
2021-11-15 14:22:56 INFO  HCANN000001: Hibernate Commons Annotations {5.1.2.Final}
2021-11-15 14:22:56 INFO  HikariPool-1 - Starting...
2021-11-15 14:22:56 INFO  HikariPool-1 - Start completed.
2021-11-15 14:22:56 INFO  HHH000400: Using dialect: org.hibernate.dialect.MySQL8Dialect
2021-11-15 14:22:56 INFO  HHH000490: Using JtaPlatform implementation: [org.hibernate.engine.transaction.jta.platform.internal.NoJtaPlatform]
2021-11-15 14:22:56 INFO  Initialized JPA EntityManagerFactory for persistence unit 'default'
2021-11-15 14:22:57 WARN  spring.jpa.open-in-view is enabled by default. Therefore, database queries may be performed during view rendering. Explicitly configure spring.jpa.open-in-view to disable this warning
2021-11-15 14:22:57 INFO  Will secure any request with [org.springframework.security.web.context.request.async.WebAsyncManagerIntegrationFilter@222d9d4f, org.springframework.security.web.context.SecurityContextPersistenceFilter@763b0996, org.springframework.security.web.header.HeaderWriterFilter@52433946, org.springframework.security.web.csrf.CsrfFilter@45c423b3, org.springframework.security.web.authentication.logout.LogoutFilter@15f861ee, org.springframework.security.web.authentication.UsernamePasswordAuthenticationFilter@7417ef4f, org.springframework.security.web.savedrequest.RequestCacheAwareFilter@618f627b, org.springframework.security.web.servletapi.SecurityContextHolderAwareRequestFilter@75dc1c1c, org.springframework.security.web.authentication.AnonymousAuthenticationFilter@4269aad7, org.springframework.security.web.session.SessionManagementFilter@ab327c, org.springframework.security.web.access.ExceptionTranslationFilter@779228dc, org.springframework.security.web.access.intercept.FilterSecurityInterceptor@1a7d0c9f]
2021-11-15 14:22:57 INFO  Starting ProtocolHandler ["http-nio-8080"]
2021-11-15 14:22:57 INFO  Tomcat started on port(s): 8080 (http) with context path ''
2021-11-15 14:22:57 INFO  Started WebAppConfig in 3.677 seconds (JVM running for 4.24)
2021-11-15 14:22:59 INFO  Initializing Spring DispatcherServlet 'dispatcherServlet'
2021-11-15 14:22:59 INFO  Initializing Servlet 'dispatcherServlet'
2021-11-15 14:22:59 INFO  Completed initialization in 1 ms
2021-11-15 14:23:04 INFO  ineffective login from IP: 
2021-11-15 14:23:30 INFO  Closing JPA EntityManagerFactory for persistence unit 'default'
2021-11-15 14:23:30 INFO  HikariPool-1 - Shutdown initiated...
2021-11-15 14:23:30 INFO  HikariPool-1 - Shutdown completed.
2021-11-15 14:23:34 INFO  Starting WebAppConfig using Java 1.8.0_292 on michal-dell with PID 3713707 (/home/michal/Dropbox/projects (programing)/project13V2-snippetApp/target/classes started by michal in /home/michal/Dropbox/projects (programing)/project13V2-snippetApp)
2021-11-15 14:23:34 INFO  HV000001: Hibernate Validator 6.0.17.Final
2021-11-15 14:23:34 INFO  No active profile set, falling back to default profiles: default
2021-11-15 14:23:35 INFO  Bootstrapping Spring Data JPA repositories in DEFAULT mode.
2021-11-15 14:23:35 INFO  Finished Spring Data repository scanning in 47 ms. Found 4 JPA repository interfaces.
2021-11-15 14:23:36 INFO  Tomcat initialized with port(s): 8080 (http)
2021-11-15 14:23:36 INFO  Initializing ProtocolHandler ["http-nio-8080"]
2021-11-15 14:23:36 INFO  Starting service [Tomcat]
2021-11-15 14:23:36 INFO  Starting Servlet engine: [Apache Tomcat/9.0.48]
2021-11-15 14:23:36 INFO  At least one JAR was scanned for TLDs yet contained no TLDs. Enable debug logging for this logger for a complete list of JARs that were scanned but no TLDs were found in them. Skipping unneeded JARs during scanning can improve startup time and JSP compilation time.
2021-11-15 14:23:36 INFO  Initializing Spring embedded WebApplicationContext
2021-11-15 14:23:36 INFO  Root WebApplicationContext: initialization completed in 1243 ms
2021-11-15 14:23:36 INFO  HHH000204: Processing PersistenceUnitInfo [name: default]
2021-11-15 14:23:36 INFO  HHH000412: Hibernate ORM core version 5.4.32.Final
2021-11-15 14:23:36 INFO  HCANN000001: Hibernate Commons Annotations {5.1.2.Final}
2021-11-15 14:23:36 INFO  HikariPool-1 - Starting...
2021-11-15 14:23:36 INFO  HikariPool-1 - Start completed.
2021-11-15 14:23:36 INFO  HHH000400: Using dialect: org.hibernate.dialect.MySQL8Dialect
2021-11-15 14:23:37 INFO  HHH000490: Using JtaPlatform implementation: [org.hibernate.engine.transaction.jta.platform.internal.NoJtaPlatform]
2021-11-15 14:23:37 INFO  Initialized JPA EntityManagerFactory for persistence unit 'default'
2021-11-15 14:23:37 WARN  spring.jpa.open-in-view is enabled by default. Therefore, database queries may be performed during view rendering. Explicitly configure spring.jpa.open-in-view to disable this warning
2021-11-15 14:23:37 INFO  Will secure any request with [org.springframework.security.web.context.request.async.WebAsyncManagerIntegrationFilter@34cf0e80, org.springframework.security.web.context.SecurityContextPersistenceFilter@5ba184fc, org.springframework.security.web.header.HeaderWriterFilter@70d5d96b, org.springframework.security.web.csrf.CsrfFilter@66ab924, org.springframework.security.web.authentication.logout.LogoutFilter@283baa39, org.springframework.security.web.authentication.UsernamePasswordAuthenticationFilter@55e42684, org.springframework.security.web.savedrequest.RequestCacheAwareFilter@59d5c537, org.springframework.security.web.servletapi.SecurityContextHolderAwareRequestFilter@15f861ee, org.springframework.security.web.authentication.AnonymousAuthenticationFilter@38ef1a0a, org.springframework.security.web.session.SessionManagementFilter@75dc1c1c, org.springframework.security.web.access.ExceptionTranslationFilter@72715e61, org.springframework.security.web.access.intercept.FilterSecurityInterceptor@344f9467]
2021-11-15 14:23:38 INFO  Starting ProtocolHandler ["http-nio-8080"]
2021-11-15 14:23:38 INFO  Tomcat started on port(s): 8080 (http) with context path ''
2021-11-15 14:23:38 INFO  Started WebAppConfig in 3.666 seconds (JVM running for 4.185)
2021-11-15 14:23:44 INFO  Initializing Spring DispatcherServlet 'dispatcherServlet'
2021-11-15 14:23:44 INFO  Initializing Servlet 'dispatcherServlet'
2021-11-15 14:23:44 INFO  Completed initialization in 3 ms
2021-11-15 14:23:48 INFO  ineffective login from IP: anonymousUser
2021-11-15 14:24:13 INFO  Closing JPA EntityManagerFactory for persistence unit 'default'
2021-11-15 14:24:14 INFO  HikariPool-1 - Shutdown initiated...
2021-11-15 14:24:14 INFO  HikariPool-1 - Shutdown completed.
2021-11-15 14:24:17 INFO  HV000001: Hibernate Validator 6.0.17.Final
2021-11-15 14:24:17 INFO  Starting WebAppConfig using Java 1.8.0_292 on michal-dell with PID 3713834 (/home/michal/Dropbox/projects (programing)/project13V2-snippetApp/target/classes started by michal in /home/michal/Dropbox/projects (programing)/project13V2-snippetApp)
2021-11-15 14:24:17 INFO  No active profile set, falling back to default profiles: default
2021-11-15 14:24:18 INFO  Bootstrapping Spring Data JPA repositories in DEFAULT mode.
2021-11-15 14:24:18 INFO  Finished Spring Data repository scanning in 39 ms. Found 4 JPA repository interfaces.
2021-11-15 14:24:19 INFO  Tomcat initialized with port(s): 8080 (http)
2021-11-15 14:24:19 INFO  Initializing ProtocolHandler ["http-nio-8080"]
2021-11-15 14:24:19 INFO  Starting service [Tomcat]
2021-11-15 14:24:19 INFO  Starting Servlet engine: [Apache Tomcat/9.0.48]
2021-11-15 14:24:19 INFO  At least one JAR was scanned for TLDs yet contained no TLDs. Enable debug logging for this logger for a complete list of JARs that were scanned but no TLDs were found in them. Skipping unneeded JARs during scanning can improve startup time and JSP compilation time.
2021-11-15 14:24:19 INFO  Initializing Spring embedded WebApplicationContext
2021-11-15 14:24:19 INFO  Root WebApplicationContext: initialization completed in 1225 ms
2021-11-15 14:24:19 INFO  HHH000204: Processing PersistenceUnitInfo [name: default]
2021-11-15 14:24:19 INFO  HHH000412: Hibernate ORM core version 5.4.32.Final
2021-11-15 14:24:19 INFO  HCANN000001: Hibernate Commons Annotations {5.1.2.Final}
2021-11-15 14:24:19 INFO  HikariPool-1 - Starting...
2021-11-15 14:24:19 INFO  HikariPool-1 - Start completed.
2021-11-15 14:24:19 INFO  HHH000400: Using dialect: org.hibernate.dialect.MySQL8Dialect
2021-11-15 14:24:20 INFO  HHH000490: Using JtaPlatform implementation: [org.hibernate.engine.transaction.jta.platform.internal.NoJtaPlatform]
2021-11-15 14:24:20 INFO  Initialized JPA EntityManagerFactory for persistence unit 'default'
2021-11-15 14:24:20 WARN  spring.jpa.open-in-view is enabled by default. Therefore, database queries may be performed during view rendering. Explicitly configure spring.jpa.open-in-view to disable this warning
2021-11-15 14:24:21 INFO  Will secure any request with [org.springframework.security.web.context.request.async.WebAsyncManagerIntegrationFilter@18d610e1, org.springframework.security.web.context.SecurityContextPersistenceFilter@5a6195b8, org.springframework.security.web.header.HeaderWriterFilter@10745a02, org.springframework.security.web.csrf.CsrfFilter@105dc04d, org.springframework.security.web.authentication.logout.LogoutFilter@405d8a80, org.springframework.security.web.authentication.UsernamePasswordAuthenticationFilter@222d9d4f, org.springframework.security.web.savedrequest.RequestCacheAwareFilter@70d5d96b, org.springframework.security.web.servletapi.SecurityContextHolderAwareRequestFilter@2f07930a, org.springframework.security.web.authentication.AnonymousAuthenticationFilter@528e5e38, org.springframework.security.web.session.SessionManagementFilter@72715e61, org.springframework.security.web.access.ExceptionTranslationFilter@3d798e76, org.springframework.security.web.access.intercept.FilterSecurityInterceptor@553ce348]
2021-11-15 14:24:21 INFO  Starting ProtocolHandler ["http-nio-8080"]
2021-11-15 14:24:21 INFO  Tomcat started on port(s): 8080 (http) with context path ''
2021-11-15 14:24:21 INFO  Started WebAppConfig in 3.823 seconds (JVM running for 4.344)
2021-11-15 14:24:24 INFO  Initializing Spring DispatcherServlet 'dispatcherServlet'
2021-11-15 14:24:24 INFO  Initializing Servlet 'dispatcherServlet'
2021-11-15 14:24:24 INFO  Completed initialization in 2 ms
2021-11-15 14:24:27 INFO  ineffective login from IP: AnonymousAuthenticationToken [Principal=anonymousUser, Credentials=[PROTECTED], Authenticated=true, Details=WebAuthenticationDetails [RemoteIpAddress=0:0:0:0:0:0:0:1, SessionId=231D973C3073D530024F6524947B48FF], Granted Authorities=[ROLE_ANONYMOUS]]
2021-11-15 14:28:48 INFO  Closing JPA EntityManagerFactory for persistence unit 'default'
2021-11-15 14:28:48 INFO  HikariPool-1 - Shutdown initiated...
2021-11-15 14:28:48 INFO  HikariPool-1 - Shutdown completed.
2021-11-15 14:28:52 INFO  HV000001: Hibernate Validator 6.0.17.Final
2021-11-15 14:28:52 INFO  Starting WebAppConfig using Java 1.8.0_292 on michal-dell with PID 3714493 (/home/michal/Dropbox/projects (programing)/project13V2-snippetApp/target/classes started by michal in /home/michal/Dropbox/projects (programing)/project13V2-snippetApp)
2021-11-15 14:28:52 INFO  No active profile set, falling back to default profiles: default
2021-11-15 14:28:53 INFO  Bootstrapping Spring Data JPA repositories in DEFAULT mode.
2021-11-15 14:28:53 INFO  Finished Spring Data repository scanning in 44 ms. Found 4 JPA repository interfaces.
2021-11-15 14:28:53 INFO  Tomcat initialized with port(s): 8080 (http)
2021-11-15 14:28:53 INFO  Initializing ProtocolHandler ["http-nio-8080"]
2021-11-15 14:28:53 INFO  Starting service [Tomcat]
2021-11-15 14:28:53 INFO  Starting Servlet engine: [Apache Tomcat/9.0.48]
2021-11-15 14:28:53 INFO  At least one JAR was scanned for TLDs yet contained no TLDs. Enable debug logging for this logger for a complete list of JARs that were scanned but no TLDs were found in them. Skipping unneeded JARs during scanning can improve startup time and JSP compilation time.
2021-11-15 14:28:53 INFO  Initializing Spring embedded WebApplicationContext
2021-11-15 14:28:53 INFO  Root WebApplicationContext: initialization completed in 1131 ms
2021-11-15 14:28:54 INFO  HHH000204: Processing PersistenceUnitInfo [name: default]
2021-11-15 14:28:54 INFO  HHH000412: Hibernate ORM core version 5.4.32.Final
2021-11-15 14:28:54 INFO  HCANN000001: Hibernate Commons Annotations {5.1.2.Final}
2021-11-15 14:28:54 INFO  HikariPool-1 - Starting...
2021-11-15 14:28:54 INFO  HikariPool-1 - Start completed.
2021-11-15 14:28:54 INFO  HHH000400: Using dialect: org.hibernate.dialect.MySQL8Dialect
2021-11-15 14:28:55 INFO  HHH000490: Using JtaPlatform implementation: [org.hibernate.engine.transaction.jta.platform.internal.NoJtaPlatform]
2021-11-15 14:28:55 INFO  Initialized JPA EntityManagerFactory for persistence unit 'default'
2021-11-15 14:28:55 WARN  spring.jpa.open-in-view is enabled by default. Therefore, database queries may be performed during view rendering. Explicitly configure spring.jpa.open-in-view to disable this warning
2021-11-15 14:28:56 INFO  Will secure any request with [org.springframework.security.web.context.request.async.WebAsyncManagerIntegrationFilter@3e98b933, org.springframework.security.web.context.SecurityContextPersistenceFilter@3d798e76, org.springframework.security.web.header.HeaderWriterFilter@347123dc, org.springframework.security.web.csrf.CsrfFilter@b70fa38, org.springframework.security.web.authentication.logout.LogoutFilter@2bc0b8c8, org.springframework.security.web.authentication.UsernamePasswordAuthenticationFilter@553ce348, org.springframework.security.web.savedrequest.RequestCacheAwareFilter@386e9fd8, org.springframework.security.web.servletapi.SecurityContextHolderAwareRequestFilter@23469199, org.springframework.security.web.authentication.AnonymousAuthenticationFilter@222d9d4f, org.springframework.security.web.session.SessionManagementFilter@5403431a, org.springframework.security.web.access.ExceptionTranslationFilter@6df2af02, org.springframework.security.web.access.intercept.FilterSecurityInterceptor@466fedfa]
2021-11-15 14:28:56 INFO  Starting ProtocolHandler ["http-nio-8080"]
2021-11-15 14:28:56 INFO  Tomcat started on port(s): 8080 (http) with context path ''
2021-11-15 14:28:56 INFO  Started WebAppConfig in 3.806 seconds (JVM running for 4.342)
2021-11-15 14:28:57 INFO  Initializing Spring DispatcherServlet 'dispatcherServlet'
2021-11-15 14:28:57 INFO  Initializing Servlet 'dispatcherServlet'
2021-11-15 14:28:57 INFO  Completed initialization in 2 ms
2021-11-15 14:29:01 ERROR Servlet.service() for servlet [dispatcherServlet] in context with path [] threw exception [Request processing failed; nested exception is java.lang.ClassCastException: java.lang.String cannot be cast to work.szczepanskimichal.project13snippetapp.user.User] with root cause
java.lang.ClassCastException: java.lang.String cannot be cast to work.szczepanskimichal.project13snippetapp.user.User
	at work.szczepanskimichal.project13snippetapp.publicAccess.PublicAccessController.loginGet(PublicAccessController.java:37)
	at sun.reflect.NativeMethodAccessorImpl.invoke0(Native Method)
	at sun.reflect.NativeMethodAccessorImpl.invoke(NativeMethodAccessorImpl.java:62)
	at sun.reflect.DelegatingMethodAccessorImpl.invoke(DelegatingMethodAccessorImpl.java:43)
	at java.lang.reflect.Method.invoke(Method.java:498)
	at org.springframework.web.method.support.InvocableHandlerMethod.doInvoke(InvocableHandlerMethod.java:197)
	at org.springframework.web.method.support.InvocableHandlerMethod.invokeForRequest(InvocableHandlerMethod.java:141)
	at org.springframework.web.servlet.mvc.method.annotation.ServletInvocableHandlerMethod.invokeAndHandle(ServletInvocableHandlerMethod.java:106)
	at org.springframework.web.servlet.mvc.method.annotation.RequestMappingHandlerAdapter.invokeHandlerMethod(RequestMappingHandlerAdapter.java:894)
	at org.springframework.web.servlet.mvc.method.annotation.RequestMappingHandlerAdapter.handleInternal(RequestMappingHandlerAdapter.java:808)
	at org.springframework.web.servlet.mvc.method.AbstractHandlerMethodAdapter.handle(AbstractHandlerMethodAdapter.java:87)
	at org.springframework.web.servlet.DispatcherServlet.doDispatch(DispatcherServlet.java:1063)
	at org.springframework.web.servlet.DispatcherServlet.doService(DispatcherServlet.java:963)
	at org.springframework.web.servlet.FrameworkServlet.processRequest(FrameworkServlet.java:1006)
	at org.springframework.web.servlet.FrameworkServlet.doGet(FrameworkServlet.java:898)
	at javax.servlet.http.HttpServlet.service(HttpServlet.java:655)
	at org.springframework.web.servlet.FrameworkServlet.service(FrameworkServlet.java:883)
	at javax.servlet.http.HttpServlet.service(HttpServlet.java:764)
	at org.apache.catalina.core.ApplicationFilterChain.internalDoFilter(ApplicationFilterChain.java:228)
	at org.apache.catalina.core.ApplicationFilterChain.doFilter(ApplicationFilterChain.java:163)
	at org.apache.tomcat.websocket.server.WsFilter.doFilter(WsFilter.java:53)
	at org.apache.catalina.core.ApplicationFilterChain.internalDoFilter(ApplicationFilterChain.java:190)
	at org.apache.catalina.core.ApplicationFilterChain.doFilter(ApplicationFilterChain.java:163)
	at org.springframework.security.web.FilterChainProxy$VirtualFilterChain.doFilter(FilterChainProxy.java:327)
	at org.springframework.security.web.access.intercept.FilterSecurityInterceptor.invoke(FilterSecurityInterceptor.java:115)
	at org.springframework.security.web.access.intercept.FilterSecurityInterceptor.doFilter(FilterSecurityInterceptor.java:81)
	at org.springframework.security.web.FilterChainProxy$VirtualFilterChain.doFilter(FilterChainProxy.java:336)
	at org.springframework.security.web.access.ExceptionTranslationFilter.doFilter(ExceptionTranslationFilter.java:121)
	at org.springframework.security.web.access.ExceptionTranslationFilter.doFilter(ExceptionTranslationFilter.java:115)
	at org.springframework.security.web.FilterChainProxy$VirtualFilterChain.doFilter(FilterChainProxy.java:336)
	at org.springframework.security.web.session.SessionManagementFilter.doFilter(SessionManagementFilter.java:126)
	at org.springframework.security.web.session.SessionManagementFilter.doFilter(SessionManagementFilter.java:81)
	at org.springframework.security.web.FilterChainProxy$VirtualFilterChain.doFilter(FilterChainProxy.java:336)
	at org.springframework.security.web.authentication.AnonymousAuthenticationFilter.doFilter(AnonymousAuthenticationFilter.java:105)
	at org.springframework.security.web.FilterChainProxy$VirtualFilterChain.doFilter(FilterChainProxy.java:336)
	at org.springframework.security.web.servletapi.SecurityContextHolderAwareRequestFilter.doFilter(SecurityContextHolderAwareRequestFilter.java:149)
	at org.springframework.security.web.FilterChainProxy$VirtualFilterChain.doFilter(FilterChainProxy.java:336)
	at org.springframework.security.web.savedrequest.RequestCacheAwareFilter.doFilter(RequestCacheAwareFilter.java:63)
	at org.springframework.security.web.FilterChainProxy$VirtualFilterChain.doFilter(FilterChainProxy.java:336)
	at org.springframework.security.web.authentication.AbstractAuthenticationProcessingFilter.doFilter(AbstractAuthenticationProcessingFilter.java:218)
	at org.springframework.security.web.authentication.AbstractAuthenticationProcessingFilter.doFilter(AbstractAuthenticationProcessingFilter.java:212)
	at org.springframework.security.web.FilterChainProxy$VirtualFilterChain.doFilter(FilterChainProxy.java:336)
	at org.springframework.security.web.authentication.logout.LogoutFilter.doFilter(LogoutFilter.java:103)
	at org.springframework.security.web.authentication.logout.LogoutFilter.doFilter(LogoutFilter.java:89)
	at org.springframework.security.web.FilterChainProxy$VirtualFilterChain.doFilter(FilterChainProxy.java:336)
	at org.springframework.security.web.csrf.CsrfFilter.doFilterInternal(CsrfFilter.java:117)
	at org.springframework.web.filter.OncePerRequestFilter.doFilter(OncePerRequestFilter.java:119)
	at org.springframework.security.web.FilterChainProxy$VirtualFilterChain.doFilter(FilterChainProxy.java:336)
	at org.springframework.security.web.header.HeaderWriterFilter.doHeadersAfter(HeaderWriterFilter.java:90)
	at org.springframework.security.web.header.HeaderWriterFilter.doFilterInternal(HeaderWriterFilter.java:75)
	at org.springframework.web.filter.OncePerRequestFilter.doFilter(OncePerRequestFilter.java:119)
	at org.springframework.security.web.FilterChainProxy$VirtualFilterChain.doFilter(FilterChainProxy.java:336)
	at org.springframework.security.web.context.SecurityContextPersistenceFilter.doFilter(SecurityContextPersistenceFilter.java:110)
	at org.springframework.security.web.context.SecurityContextPersistenceFilter.doFilter(SecurityContextPersistenceFilter.java:80)
	at org.springframework.security.web.FilterChainProxy$VirtualFilterChain.doFilter(FilterChainProxy.java:336)
	at org.springframework.security.web.context.request.async.WebAsyncManagerIntegrationFilter.doFilterInternal(WebAsyncManagerIntegrationFilter.java:55)
	at org.springframework.web.filter.OncePerRequestFilter.doFilter(OncePerRequestFilter.java:119)
	at org.springframework.security.web.FilterChainProxy$VirtualFilterChain.doFilter(FilterChainProxy.java:336)
	at org.springframework.security.web.FilterChainProxy.doFilterInternal(FilterChainProxy.java:211)
	at org.springframework.security.web.FilterChainProxy.doFilter(FilterChainProxy.java:183)
	at org.springframework.web.filter.DelegatingFilterProxy.invokeDelegate(DelegatingFilterProxy.java:358)
	at org.springframework.web.filter.DelegatingFilterProxy.doFilter(DelegatingFilterProxy.java:271)
	at org.apache.catalina.core.ApplicationFilterChain.internalDoFilter(ApplicationFilterChain.java:190)
	at org.apache.catalina.core.ApplicationFilterChain.doFilter(ApplicationFilterChain.java:163)
	at org.springframework.web.filter.RequestContextFilter.doFilterInternal(RequestContextFilter.java:100)
	at org.springframework.web.filter.OncePerRequestFilter.doFilter(OncePerRequestFilter.java:119)
	at org.apache.catalina.core.ApplicationFilterChain.internalDoFilter(ApplicationFilterChain.java:190)
	at org.apache.catalina.core.ApplicationFilterChain.doFilter(ApplicationFilterChain.java:163)
	at org.springframework.web.filter.FormContentFilter.doFilterInternal(FormContentFilter.java:93)
	at org.springframework.web.filter.OncePerRequestFilter.doFilter(OncePerRequestFilter.java:119)
	at org.apache.catalina.core.ApplicationFilterChain.internalDoFilter(ApplicationFilterChain.java:190)
	at org.apache.catalina.core.ApplicationFilterChain.doFilter(ApplicationFilterChain.java:163)
	at org.springframework.web.filter.CharacterEncodingFilter.doFilterInternal(CharacterEncodingFilter.java:201)
	at org.springframework.web.filter.OncePerRequestFilter.doFilter(OncePerRequestFilter.java:119)
	at org.apache.catalina.core.ApplicationFilterChain.internalDoFilter(ApplicationFilterChain.java:190)
	at org.apache.catalina.core.ApplicationFilterChain.doFilter(ApplicationFilterChain.java:163)
	at org.apache.catalina.core.StandardWrapperValve.invoke(StandardWrapperValve.java:202)
	at org.apache.catalina.core.StandardContextValve.invoke(StandardContextValve.java:97)
	at org.apache.catalina.authenticator.AuthenticatorBase.invoke(AuthenticatorBase.java:542)
	at org.apache.catalina.core.StandardHostValve.invoke(StandardHostValve.java:143)
	at org.apache.catalina.valves.ErrorReportValve.invoke(ErrorReportValve.java:92)
	at org.apache.catalina.core.StandardEngineValve.invoke(StandardEngineValve.java:78)
	at org.apache.catalina.connector.CoyoteAdapter.service(CoyoteAdapter.java:357)
	at org.apache.coyote.http11.Http11Processor.service(Http11Processor.java:382)
	at org.apache.coyote.AbstractProcessorLight.process(AbstractProcessorLight.java:65)
	at org.apache.coyote.AbstractProtocol$ConnectionHandler.process(AbstractProtocol.java:893)
	at org.apache.tomcat.util.net.NioEndpoint$SocketProcessor.doRun(NioEndpoint.java:1723)
	at org.apache.tomcat.util.net.SocketProcessorBase.run(SocketProcessorBase.java:49)
	at java.util.concurrent.ThreadPoolExecutor.runWorker(ThreadPoolExecutor.java:1149)
	at java.util.concurrent.ThreadPoolExecutor$Worker.run(ThreadPoolExecutor.java:624)
	at org.apache.tomcat.util.threads.TaskThread$WrappingRunnable.run(TaskThread.java:61)
	at java.lang.Thread.run(Thread.java:748)
2021-11-15 14:29:11 INFO  Closing JPA EntityManagerFactory for persistence unit 'default'
2021-11-15 14:29:11 INFO  HikariPool-1 - Shutdown initiated...
2021-11-15 14:29:11 INFO  HikariPool-1 - Shutdown completed.
2021-11-15 14:29:15 INFO  HV000001: Hibernate Validator 6.0.17.Final
2021-11-15 14:29:15 INFO  Starting WebAppConfig using Java 1.8.0_292 on michal-dell with PID 3714616 (/home/michal/Dropbox/projects (programing)/project13V2-snippetApp/target/classes started by michal in /home/michal/Dropbox/projects (programing)/project13V2-snippetApp)
2021-11-15 14:29:15 INFO  No active profile set, falling back to default profiles: default
2021-11-15 14:29:16 INFO  Bootstrapping Spring Data JPA repositories in DEFAULT mode.
2021-11-15 14:29:16 INFO  Finished Spring Data repository scanning in 50 ms. Found 4 JPA repository interfaces.
2021-11-15 14:29:16 INFO  Tomcat initialized with port(s): 8080 (http)
2021-11-15 14:29:16 INFO  Initializing ProtocolHandler ["http-nio-8080"]
2021-11-15 14:29:16 INFO  Starting service [Tomcat]
2021-11-15 14:29:16 INFO  Starting Servlet engine: [Apache Tomcat/9.0.48]
2021-11-15 14:29:16 INFO  At least one JAR was scanned for TLDs yet contained no TLDs. Enable debug logging for this logger for a complete list of JARs that were scanned but no TLDs were found in them. Skipping unneeded JARs during scanning can improve startup time and JSP compilation time.
2021-11-15 14:29:16 INFO  Initializing Spring embedded WebApplicationContext
2021-11-15 14:29:16 INFO  Root WebApplicationContext: initialization completed in 1224 ms
2021-11-15 14:29:16 INFO  HHH000204: Processing PersistenceUnitInfo [name: default]
2021-11-15 14:29:17 INFO  HHH000412: Hibernate ORM core version 5.4.32.Final
2021-11-15 14:29:17 INFO  HCANN000001: Hibernate Commons Annotations {5.1.2.Final}
2021-11-15 14:29:17 INFO  HikariPool-1 - Starting...
2021-11-15 14:29:17 INFO  HikariPool-1 - Start completed.
2021-11-15 14:29:17 INFO  HHH000400: Using dialect: org.hibernate.dialect.MySQL8Dialect
2021-11-15 14:29:17 INFO  HHH000490: Using JtaPlatform implementation: [org.hibernate.engine.transaction.jta.platform.internal.NoJtaPlatform]
2021-11-15 14:29:17 INFO  Initialized JPA EntityManagerFactory for persistence unit 'default'
2021-11-15 14:29:18 WARN  spring.jpa.open-in-view is enabled by default. Therefore, database queries may be performed during view rendering. Explicitly configure spring.jpa.open-in-view to disable this warning
2021-11-15 14:29:18 INFO  Will secure any request with [org.springframework.security.web.context.request.async.WebAsyncManagerIntegrationFilter@7d3c22a5, org.springframework.security.web.context.SecurityContextPersistenceFilter@52433946, org.springframework.security.web.header.HeaderWriterFilter@779228dc, org.springframework.security.web.csrf.CsrfFilter@2aac8ad7, org.springframework.security.web.authentication.logout.LogoutFilter@29d2fa84, org.springframework.security.web.authentication.UsernamePasswordAuthenticationFilter@5a6f6cac, org.springframework.security.web.savedrequest.RequestCacheAwareFilter@ab327c, org.springframework.security.web.servletapi.SecurityContextHolderAwareRequestFilter@5a6195b8, org.springframework.security.web.authentication.AnonymousAuthenticationFilter@369ad7da, org.springframework.security.web.session.SessionManagementFilter@4c030fe1, org.springframework.security.web.access.ExceptionTranslationFilter@69fe7090, org.springframework.security.web.access.intercept.FilterSecurityInterceptor@6e364f1f]
2021-11-15 14:29:18 INFO  Starting ProtocolHandler ["http-nio-8080"]
2021-11-15 14:29:18 INFO  Tomcat started on port(s): 8080 (http) with context path ''
2021-11-15 14:29:18 INFO  Started WebAppConfig in 3.678 seconds (JVM running for 4.254)
2021-11-15 14:29:20 INFO  Initializing Spring DispatcherServlet 'dispatcherServlet'
2021-11-15 14:29:20 INFO  Initializing Servlet 'dispatcherServlet'
2021-11-15 14:29:20 INFO  Completed initialization in 1 ms
2021-11-15 14:29:24 INFO  ineffective login from IP: 0:0:0:0:0:0:0:1
2021-11-15 14:31:04 INFO  Closing JPA EntityManagerFactory for persistence unit 'default'
2021-11-15 14:31:04 INFO  HikariPool-1 - Shutdown initiated...
2021-11-15 14:31:04 INFO  HikariPool-1 - Shutdown completed.
2021-11-15 14:31:58 INFO  HV000001: Hibernate Validator 6.0.17.Final
2021-11-15 14:31:58 INFO  Starting WebAppConfig using Java 1.8.0_292 on michal-dell with PID 3714878 (/home/michal/Dropbox/projects (programing)/project13V2-snippetApp/target/classes started by michal in /home/michal/Dropbox/projects (programing)/project13V2-snippetApp)
2021-11-15 14:31:58 INFO  No active profile set, falling back to default profiles: default
2021-11-15 14:31:59 INFO  Bootstrapping Spring Data JPA repositories in DEFAULT mode.
2021-11-15 14:31:59 INFO  Finished Spring Data repository scanning in 51 ms. Found 4 JPA repository interfaces.
2021-11-15 14:31:59 INFO  Tomcat initialized with port(s): 8080 (http)
2021-11-15 14:31:59 INFO  Initializing ProtocolHandler ["http-nio-8080"]
2021-11-15 14:31:59 INFO  Starting service [Tomcat]
2021-11-15 14:31:59 INFO  Starting Servlet engine: [Apache Tomcat/9.0.48]
2021-11-15 14:31:59 INFO  At least one JAR was scanned for TLDs yet contained no TLDs. Enable debug logging for this logger for a complete list of JARs that were scanned but no TLDs were found in them. Skipping unneeded JARs during scanning can improve startup time and JSP compilation time.
2021-11-15 14:31:59 INFO  Initializing Spring embedded WebApplicationContext
2021-11-15 14:31:59 INFO  Root WebApplicationContext: initialization completed in 1150 ms
2021-11-15 14:32:00 INFO  HHH000204: Processing PersistenceUnitInfo [name: default]
2021-11-15 14:32:00 INFO  HHH000412: Hibernate ORM core version 5.4.32.Final
2021-11-15 14:32:00 INFO  HCANN000001: Hibernate Commons Annotations {5.1.2.Final}
2021-11-15 14:32:00 INFO  HikariPool-1 - Starting...
2021-11-15 14:32:00 INFO  HikariPool-1 - Start completed.
2021-11-15 14:32:00 INFO  HHH000400: Using dialect: org.hibernate.dialect.MySQL8Dialect
2021-11-15 14:32:01 INFO  HHH000490: Using JtaPlatform implementation: [org.hibernate.engine.transaction.jta.platform.internal.NoJtaPlatform]
2021-11-15 14:32:01 INFO  Initialized JPA EntityManagerFactory for persistence unit 'default'
2021-11-15 14:32:01 WARN  spring.jpa.open-in-view is enabled by default. Therefore, database queries may be performed during view rendering. Explicitly configure spring.jpa.open-in-view to disable this warning
2021-11-15 14:32:01 INFO  Will secure any request with [org.springframework.security.web.context.request.async.WebAsyncManagerIntegrationFilter@7f2c995b, org.springframework.security.web.context.SecurityContextPersistenceFilter@3f1158ee, org.springframework.security.web.header.HeaderWriterFilter@4540c7, org.springframework.security.web.csrf.CsrfFilter@618f627b, org.springframework.security.web.authentication.logout.LogoutFilter@55071497, org.springframework.security.web.authentication.UsernamePasswordAuthenticationFilter@2b5f8e61, org.springframework.security.web.savedrequest.RequestCacheAwareFilter@4a4b288a, org.springframework.security.web.servletapi.SecurityContextHolderAwareRequestFilter@37a3ec27, org.springframework.security.web.authentication.AnonymousAuthenticationFilter@101c15ad, org.springframework.security.web.session.SessionManagementFilter@2bc0b8c8, org.springframework.security.web.access.ExceptionTranslationFilter@3355168, org.springframework.security.web.access.intercept.FilterSecurityInterceptor@16391278]
2021-11-15 14:32:01 INFO  Starting ProtocolHandler ["http-nio-8080"]
2021-11-15 14:32:01 INFO  Tomcat started on port(s): 8080 (http) with context path ''
2021-11-15 14:32:01 INFO  Started WebAppConfig in 3.531 seconds (JVM running for 4.024)
2021-11-15 14:32:10 INFO  Initializing Spring DispatcherServlet 'dispatcherServlet'
2021-11-15 14:32:10 INFO  Initializing Servlet 'dispatcherServlet'
2021-11-15 14:32:10 INFO  Completed initialization in 2 ms
2021-11-15 14:32:14 INFO  ineffective login from IP: 0:0:0:0:0:0:0:1
2021-11-15 14:33:38 INFO  Closing JPA EntityManagerFactory for persistence unit 'default'
2021-11-15 14:33:38 INFO  HikariPool-1 - Shutdown initiated...
2021-11-15 14:33:38 INFO  HikariPool-1 - Shutdown completed.
